{"/home/kurt/Springboard/Node-pg_further/app.js": {"path":"/home/kurt/Springboard/Node-pg_further/app.js","statementMap":{"0":{"start":{"line":4,"column":16},"end":{"line":4,"column":34}},"1":{"start":{"line":6,"column":12},"end":{"line":6,"column":21}},"2":{"start":{"line":7,"column":21},"end":{"line":7,"column":46}},"3":{"start":{"line":8,"column":22},"end":{"line":8,"column":51}},"4":{"start":{"line":9,"column":22},"end":{"line":9,"column":50}},"5":{"start":{"line":12,"column":0},"end":{"line":12,"column":24}},"6":{"start":{"line":15,"column":0},"end":{"line":17,"column":3}},"7":{"start":{"line":16,"column":2},"end":{"line":16,"column":32}},"8":{"start":{"line":20,"column":0},"end":{"line":20,"column":37}},"9":{"start":{"line":21,"column":0},"end":{"line":21,"column":36}},"10":{"start":{"line":24,"column":0},"end":{"line":27,"column":3}},"11":{"start":{"line":25,"column":14},"end":{"line":25,"column":48}},"12":{"start":{"line":26,"column":2},"end":{"line":26,"column":19}},"13":{"start":{"line":31,"column":0},"end":{"line":38,"column":3}},"14":{"start":{"line":32,"column":2},"end":{"line":32,"column":32}},"15":{"start":{"line":34,"column":2},"end":{"line":37,"column":5}},"16":{"start":{"line":41,"column":0},"end":{"line":41,"column":21}}},"fnMap":{"0":{"name":"(anonymous_0)","decl":{"start":{"line":15,"column":13},"end":{"line":15,"column":14}},"loc":{"start":{"line":15,"column":27},"end":{"line":17,"column":1}},"line":15},"1":{"name":"(anonymous_1)","decl":{"start":{"line":24,"column":8},"end":{"line":24,"column":9}},"loc":{"start":{"line":24,"column":33},"end":{"line":27,"column":1}},"line":24},"2":{"name":"(anonymous_2)","decl":{"start":{"line":31,"column":8},"end":{"line":31,"column":9}},"loc":{"start":{"line":31,"column":33},"end":{"line":38,"column":1}},"line":31}},"branchMap":{"0":{"loc":{"start":{"line":32,"column":13},"end":{"line":32,"column":30}},"type":"binary-expr","locations":[{"start":{"line":32,"column":13},"end":{"line":32,"column":23}},{"start":{"line":32,"column":27},"end":{"line":32,"column":30}}],"line":32}},"s":{"0":3,"1":3,"2":3,"3":3,"4":3,"5":3,"6":3,"7":1,"8":3,"9":3,"10":3,"11":1,"12":1,"13":3,"14":2,"15":2,"16":3},"f":{"0":1,"1":1,"2":2},"b":{"0":[2,1]},"_coverageSchema":"1a1c01bbd47fc00a2c39e90264f33305004495a9","hash":"94d2a0681661a4715a235540931ebc525ee74822"}
,"/home/kurt/Springboard/Node-pg_further/db.js": {"path":"/home/kurt/Springboard/Node-pg_further/db.js","statementMap":{"0":{"start":{"line":2,"column":19},"end":{"line":2,"column":32}},"1":{"start":{"line":5,"column":15},"end":{"line":7,"column":2}},"2":{"start":{"line":9,"column":0},"end":{"line":9,"column":17}},"3":{"start":{"line":12,"column":0},"end":{"line":12,"column":24}}},"fnMap":{},"branchMap":{},"s":{"0":3,"1":3,"2":3,"3":3},"f":{},"b":{},"_coverageSchema":"1a1c01bbd47fc00a2c39e90264f33305004495a9","hash":"80dd24451026f68911f84565deac7231c0d77456"}
,"/home/kurt/Springboard/Node-pg_further/expressError.js": {"path":"/home/kurt/Springboard/Node-pg_further/expressError.js","statementMap":{"0":{"start":{"line":9,"column":4},"end":{"line":9,"column":12}},"1":{"start":{"line":10,"column":4},"end":{"line":10,"column":27}},"2":{"start":{"line":11,"column":4},"end":{"line":11,"column":25}},"3":{"start":{"line":12,"column":4},"end":{"line":12,"column":30}},"4":{"start":{"line":17,"column":0},"end":{"line":17,"column":30}}},"fnMap":{"0":{"name":"(anonymous_0)","decl":{"start":{"line":8,"column":2},"end":{"line":8,"column":3}},"loc":{"start":{"line":8,"column":31},"end":{"line":13,"column":3}},"line":8}},"branchMap":{},"s":{"0":1,"1":1,"2":1,"3":1,"4":3},"f":{"0":1},"b":{},"_coverageSchema":"1a1c01bbd47fc00a2c39e90264f33305004495a9","hash":"a6ddc8fb3cd6a7d7936f3f1ae32fa383f79ce635"}
,"/home/kurt/Springboard/Node-pg_further/routes/companies.js": {"path":"/home/kurt/Springboard/Node-pg_further/routes/companies.js","statementMap":{"0":{"start":{"line":1,"column":16},"end":{"line":1,"column":34}},"1":{"start":{"line":2,"column":15},"end":{"line":2,"column":35}},"2":{"start":{"line":3,"column":11},"end":{"line":3,"column":27}},"3":{"start":{"line":6,"column":0},"end":{"line":6,"column":27}},"4":{"start":{"line":9,"column":0},"end":{"line":16,"column":3}},"5":{"start":{"line":10,"column":2},"end":{"line":15,"column":3}},"6":{"start":{"line":11,"column":19},"end":{"line":11,"column":69}},"7":{"start":{"line":12,"column":4},"end":{"line":12,"column":48}},"8":{"start":{"line":14,"column":4},"end":{"line":14,"column":21}},"9":{"start":{"line":19,"column":0},"end":{"line":44,"column":5}},"10":{"start":{"line":20,"column":4},"end":{"line":43,"column":5}},"11":{"start":{"line":21,"column":23},"end":{"line":21,"column":33}},"12":{"start":{"line":23,"column":28},"end":{"line":26,"column":7}},"13":{"start":{"line":28,"column":6},"end":{"line":30,"column":7}},"14":{"start":{"line":29,"column":8},"end":{"line":29,"column":68}},"15":{"start":{"line":32,"column":29},"end":{"line":35,"column":7}},"16":{"start":{"line":37,"column":22},"end":{"line":37,"column":43}},"17":{"start":{"line":38,"column":6},"end":{"line":38,"column":60}},"18":{"start":{"line":38,"column":54},"end":{"line":38,"column":58}},"19":{"start":{"line":40,"column":6},"end":{"line":40,"column":35}},"20":{"start":{"line":42,"column":6},"end":{"line":42,"column":23}},"21":{"start":{"line":48,"column":0},"end":{"line":59,"column":3}},"22":{"start":{"line":49,"column":2},"end":{"line":58,"column":3}},"23":{"start":{"line":50,"column":40},"end":{"line":50,"column":48}},"24":{"start":{"line":51,"column":19},"end":{"line":54,"column":5}},"25":{"start":{"line":55,"column":4},"end":{"line":55,"column":61}},"26":{"start":{"line":57,"column":4},"end":{"line":57,"column":21}},"27":{"start":{"line":62,"column":0},"end":{"line":79,"column":3}},"28":{"start":{"line":63,"column":2},"end":{"line":78,"column":3}},"29":{"start":{"line":64,"column":21},"end":{"line":64,"column":31}},"30":{"start":{"line":65,"column":34},"end":{"line":65,"column":42}},"31":{"start":{"line":66,"column":19},"end":{"line":69,"column":5}},"32":{"start":{"line":71,"column":4},"end":{"line":73,"column":5}},"33":{"start":{"line":72,"column":6},"end":{"line":72,"column":66}},"34":{"start":{"line":75,"column":4},"end":{"line":75,"column":49}},"35":{"start":{"line":77,"column":4},"end":{"line":77,"column":21}},"36":{"start":{"line":82,"column":0},"end":{"line":95,"column":3}},"37":{"start":{"line":83,"column":2},"end":{"line":94,"column":3}},"38":{"start":{"line":84,"column":21},"end":{"line":84,"column":31}},"39":{"start":{"line":85,"column":19},"end":{"line":85,"column":97}},"40":{"start":{"line":87,"column":4},"end":{"line":89,"column":5}},"41":{"start":{"line":88,"column":6},"end":{"line":88,"column":66}},"42":{"start":{"line":91,"column":4},"end":{"line":91,"column":43}},"43":{"start":{"line":93,"column":4},"end":{"line":93,"column":21}},"44":{"start":{"line":97,"column":0},"end":{"line":97,"column":24}}},"fnMap":{"0":{"name":"(anonymous_0)","decl":{"start":{"line":9,"column":16},"end":{"line":9,"column":17}},"loc":{"start":{"line":9,"column":42},"end":{"line":16,"column":1}},"line":9},"1":{"name":"(anonymous_1)","decl":{"start":{"line":19,"column":21},"end":{"line":19,"column":22}},"loc":{"start":{"line":19,"column":47},"end":{"line":44,"column":3}},"line":19},"2":{"name":"(anonymous_2)","decl":{"start":{"line":38,"column":49},"end":{"line":38,"column":50}},"loc":{"start":{"line":38,"column":54},"end":{"line":38,"column":58}},"line":38},"3":{"name":"(anonymous_3)","decl":{"start":{"line":48,"column":17},"end":{"line":48,"column":18}},"loc":{"start":{"line":48,"column":43},"end":{"line":59,"column":1}},"line":48},"4":{"name":"(anonymous_4)","decl":{"start":{"line":62,"column":21},"end":{"line":62,"column":22}},"loc":{"start":{"line":62,"column":47},"end":{"line":79,"column":1}},"line":62},"5":{"name":"(anonymous_5)","decl":{"start":{"line":82,"column":24},"end":{"line":82,"column":25}},"loc":{"start":{"line":82,"column":50},"end":{"line":95,"column":1}},"line":82}},"branchMap":{"0":{"loc":{"start":{"line":28,"column":6},"end":{"line":30,"column":7}},"type":"if","locations":[{"start":{"line":28,"column":6},"end":{"line":30,"column":7}},{"start":{},"end":{}}],"line":28},"1":{"loc":{"start":{"line":71,"column":4},"end":{"line":73,"column":5}},"type":"if","locations":[{"start":{"line":71,"column":4},"end":{"line":73,"column":5}},{"start":{},"end":{}}],"line":71},"2":{"loc":{"start":{"line":87,"column":4},"end":{"line":89,"column":5}},"type":"if","locations":[{"start":{"line":87,"column":4},"end":{"line":89,"column":5}},{"start":{},"end":{}}],"line":87}},"s":{"0":3,"1":3,"2":3,"3":3,"4":3,"5":3,"6":3,"7":3,"8":0,"9":3,"10":1,"11":1,"12":1,"13":1,"14":0,"15":1,"16":1,"17":1,"18":0,"19":1,"20":0,"21":3,"22":1,"23":1,"24":1,"25":1,"26":0,"27":3,"28":1,"29":1,"30":1,"31":1,"32":1,"33":0,"34":1,"35":0,"36":3,"37":1,"38":1,"39":1,"40":1,"41":0,"42":1,"43":0,"44":3},"f":{"0":3,"1":1,"2":0,"3":1,"4":1,"5":1},"b":{"0":[0,1],"1":[0,1],"2":[0,1]},"_coverageSchema":"1a1c01bbd47fc00a2c39e90264f33305004495a9","hash":"4b394091f133d48af7b9f468ca0b629457d4a9b7"}
,"/home/kurt/Springboard/Node-pg_further/routes/invoices.js": {"path":"/home/kurt/Springboard/Node-pg_further/routes/invoices.js","statementMap":{"0":{"start":{"line":1,"column":16},"end":{"line":1,"column":34}},"1":{"start":{"line":2,"column":15},"end":{"line":2,"column":31}},"2":{"start":{"line":3,"column":11},"end":{"line":3,"column":27}},"3":{"start":{"line":6,"column":0},"end":{"line":13,"column":3}},"4":{"start":{"line":7,"column":2},"end":{"line":12,"column":3}},"5":{"start":{"line":8,"column":19},"end":{"line":8,"column":71}},"6":{"start":{"line":9,"column":4},"end":{"line":9,"column":47}},"7":{"start":{"line":11,"column":4},"end":{"line":11,"column":21}},"8":{"start":{"line":16,"column":0},"end":{"line":18,"column":5}},"9":{"start":{"line":17,"column":4},"end":{"line":17,"column":42}},"10":{"start":{"line":22,"column":0},"end":{"line":60,"column":3}},"11":{"start":{"line":23,"column":2},"end":{"line":59,"column":3}},"12":{"start":{"line":24,"column":19},"end":{"line":24,"column":29}},"13":{"start":{"line":25,"column":19},"end":{"line":36,"column":30}},"14":{"start":{"line":38,"column":4},"end":{"line":40,"column":5}},"15":{"start":{"line":39,"column":6},"end":{"line":39,"column":66}},"16":{"start":{"line":42,"column":17},"end":{"line":42,"column":31}},"17":{"start":{"line":43,"column":20},"end":{"line":54,"column":5}},"18":{"start":{"line":56,"column":4},"end":{"line":56,"column":33}},"19":{"start":{"line":58,"column":4},"end":{"line":58,"column":21}},"20":{"start":{"line":63,"column":0},"end":{"line":76,"column":3}},"21":{"start":{"line":64,"column":2},"end":{"line":75,"column":3}},"22":{"start":{"line":65,"column":31},"end":{"line":65,"column":39}},"23":{"start":{"line":66,"column":19},"end":{"line":71,"column":5}},"24":{"start":{"line":72,"column":4},"end":{"line":72,"column":61}},"25":{"start":{"line":74,"column":4},"end":{"line":74,"column":21}},"26":{"start":{"line":79,"column":0},"end":{"line":99,"column":3}},"27":{"start":{"line":80,"column":2},"end":{"line":98,"column":3}},"28":{"start":{"line":81,"column":19},"end":{"line":81,"column":29}},"29":{"start":{"line":82,"column":20},"end":{"line":82,"column":28}},"30":{"start":{"line":84,"column":19},"end":{"line":89,"column":5}},"31":{"start":{"line":91,"column":4},"end":{"line":93,"column":5}},"32":{"start":{"line":92,"column":6},"end":{"line":92,"column":66}},"33":{"start":{"line":95,"column":4},"end":{"line":95,"column":49}},"34":{"start":{"line":97,"column":4},"end":{"line":97,"column":21}},"35":{"start":{"line":102,"column":0},"end":{"line":115,"column":3}},"36":{"start":{"line":103,"column":2},"end":{"line":114,"column":3}},"37":{"start":{"line":104,"column":19},"end":{"line":104,"column":29}},"38":{"start":{"line":105,"column":19},"end":{"line":105,"column":90}},"39":{"start":{"line":107,"column":4},"end":{"line":109,"column":5}},"40":{"start":{"line":108,"column":6},"end":{"line":108,"column":66}},"41":{"start":{"line":111,"column":4},"end":{"line":111,"column":43}},"42":{"start":{"line":113,"column":4},"end":{"line":113,"column":21}},"43":{"start":{"line":117,"column":0},"end":{"line":117,"column":24}}},"fnMap":{"0":{"name":"(anonymous_0)","decl":{"start":{"line":6,"column":16},"end":{"line":6,"column":17}},"loc":{"start":{"line":6,"column":42},"end":{"line":13,"column":1}},"line":6},"1":{"name":"(anonymous_1)","decl":{"start":{"line":16,"column":20},"end":{"line":16,"column":21}},"loc":{"start":{"line":16,"column":34},"end":{"line":18,"column":3}},"line":16},"2":{"name":"(anonymous_2)","decl":{"start":{"line":22,"column":19},"end":{"line":22,"column":20}},"loc":{"start":{"line":22,"column":45},"end":{"line":60,"column":1}},"line":22},"3":{"name":"(anonymous_3)","decl":{"start":{"line":63,"column":17},"end":{"line":63,"column":18}},"loc":{"start":{"line":63,"column":43},"end":{"line":76,"column":1}},"line":63},"4":{"name":"(anonymous_4)","decl":{"start":{"line":79,"column":19},"end":{"line":79,"column":20}},"loc":{"start":{"line":79,"column":45},"end":{"line":99,"column":1}},"line":79},"5":{"name":"(anonymous_5)","decl":{"start":{"line":102,"column":22},"end":{"line":102,"column":23}},"loc":{"start":{"line":102,"column":48},"end":{"line":115,"column":1}},"line":102}},"branchMap":{"0":{"loc":{"start":{"line":38,"column":4},"end":{"line":40,"column":5}},"type":"if","locations":[{"start":{"line":38,"column":4},"end":{"line":40,"column":5}},{"start":{},"end":{}}],"line":38},"1":{"loc":{"start":{"line":91,"column":4},"end":{"line":93,"column":5}},"type":"if","locations":[{"start":{"line":91,"column":4},"end":{"line":93,"column":5}},{"start":{},"end":{}}],"line":91},"2":{"loc":{"start":{"line":107,"column":4},"end":{"line":109,"column":5}},"type":"if","locations":[{"start":{"line":107,"column":4},"end":{"line":109,"column":5}},{"start":{},"end":{}}],"line":107}},"s":{"0":3,"1":3,"2":3,"3":3,"4":2,"5":2,"6":2,"7":0,"8":3,"9":0,"10":3,"11":1,"12":1,"13":1,"14":1,"15":1,"16":0,"17":0,"18":0,"19":0,"20":3,"21":1,"22":1,"23":1,"24":0,"25":1,"26":3,"27":1,"28":1,"29":1,"30":1,"31":1,"32":1,"33":0,"34":0,"35":3,"36":1,"37":1,"38":1,"39":1,"40":1,"41":0,"42":0,"43":3},"f":{"0":2,"1":0,"2":1,"3":1,"4":1,"5":1},"b":{"0":[1,0],"1":[1,0],"2":[1,0]},"_coverageSchema":"1a1c01bbd47fc00a2c39e90264f33305004495a9","hash":"f66337d90227b6765bb88ad4536858c66359314d"}
}
