TN:
SF:app.js
FN:15,(anonymous_0)
FN:24,(anonymous_1)
FN:31,(anonymous_2)
FNF:3
FNH:3
FNDA:1,(anonymous_0)
FNDA:1,(anonymous_1)
FNDA:2,(anonymous_2)
DA:4,3
DA:6,3
DA:7,3
DA:8,3
DA:9,3
DA:12,3
DA:15,3
DA:16,1
DA:20,3
DA:21,3
DA:24,3
DA:25,1
DA:26,1
DA:31,3
DA:32,2
DA:34,2
DA:41,3
LF:17
LH:17
BRDA:32,0,0,2
BRDA:32,0,1,1
BRF:2
BRH:2
end_of_record
TN:
SF:db.js
FNF:0
FNH:0
DA:2,3
DA:5,3
DA:9,3
DA:12,3
LF:4
LH:4
BRF:0
BRH:0
end_of_record
TN:
SF:expressError.js
FN:8,(anonymous_0)
FNF:1
FNH:1
FNDA:1,(anonymous_0)
DA:9,1
DA:10,1
DA:11,1
DA:12,1
DA:17,3
LF:5
LH:5
BRF:0
BRH:0
end_of_record
TN:
SF:routes/companies.js
FN:9,(anonymous_0)
FN:19,(anonymous_1)
FN:38,(anonymous_2)
FN:48,(anonymous_3)
FN:62,(anonymous_4)
FN:82,(anonymous_5)
FNF:6
FNH:5
FNDA:3,(anonymous_0)
FNDA:1,(anonymous_1)
FNDA:0,(anonymous_2)
FNDA:1,(anonymous_3)
FNDA:1,(anonymous_4)
FNDA:1,(anonymous_5)
DA:1,3
DA:2,3
DA:3,3
DA:6,3
DA:9,3
DA:10,3
DA:11,3
DA:12,3
DA:14,0
DA:19,3
DA:20,1
DA:21,1
DA:23,1
DA:28,1
DA:29,0
DA:32,1
DA:37,1
DA:38,1
DA:40,1
DA:42,0
DA:48,3
DA:49,1
DA:50,1
DA:51,1
DA:55,1
DA:57,0
DA:62,3
DA:63,1
DA:64,1
DA:65,1
DA:66,1
DA:71,1
DA:72,0
DA:75,1
DA:77,0
DA:82,3
DA:83,1
DA:84,1
DA:85,1
DA:87,1
DA:88,0
DA:91,1
DA:93,0
DA:97,3
LF:44
LH:36
BRDA:28,0,0,0
BRDA:28,0,1,1
BRDA:71,1,0,0
BRDA:71,1,1,1
BRDA:87,2,0,0
BRDA:87,2,1,1
BRF:6
BRH:3
end_of_record
TN:
SF:routes/invoices.js
FN:6,(anonymous_0)
FN:16,(anonymous_1)
FN:22,(anonymous_2)
FN:63,(anonymous_3)
FN:79,(anonymous_4)
FN:102,(anonymous_5)
FNF:6
FNH:5
FNDA:2,(anonymous_0)
FNDA:0,(anonymous_1)
FNDA:1,(anonymous_2)
FNDA:1,(anonymous_3)
FNDA:1,(anonymous_4)
FNDA:1,(anonymous_5)
DA:1,3
DA:2,3
DA:3,3
DA:6,3
DA:7,2
DA:8,2
DA:9,2
DA:11,0
DA:16,3
DA:17,0
DA:22,3
DA:23,1
DA:24,1
DA:25,1
DA:38,1
DA:39,1
DA:42,0
DA:43,0
DA:56,0
DA:58,0
DA:63,3
DA:64,1
DA:65,1
DA:66,1
DA:72,0
DA:74,1
DA:79,3
DA:80,1
DA:81,1
DA:82,1
DA:84,1
DA:91,1
DA:92,1
DA:95,0
DA:97,0
DA:102,3
DA:103,1
DA:104,1
DA:105,1
DA:107,1
DA:108,1
DA:111,0
DA:113,0
DA:117,3
LF:44
LH:33
BRDA:38,0,0,1
BRDA:38,0,1,0
BRDA:91,1,0,1
BRDA:91,1,1,0
BRDA:107,2,0,1
BRDA:107,2,1,0
BRF:6
BRH:3
end_of_record
